<?xml version="1.0" encoding="UTF-8"?>
<!-- Generated by org.testng.reporters.JUnitXMLReporter -->
<testsuite hostname="apples-MacBook-Air.local" ignored="2" name="Default test(failed)" tests="4" failures="2" timestamp="2022-10-20T07:28:42 IST" time="24.124" errors="0">
  <testcase name="verifyTitleTest" time="0.044" classname="TestCases.FailedTest"/>
  <testcase name="verifyLoginLogoTest" time="0.102" classname="TestCases.FailedTest">
    <failure type="java.lang.AssertionError" message="expected [false] but found [true]">
      <![CDATA[java.lang.AssertionError: expected [false] but found [true]
at TestCases.FailedTest.verifyLoginLogoTest(FailedTest.java:30)
at java.util.ArrayList.forEach(ArrayList.java:1257)
... Removed 33 stack frames]]>
    </failure>
  </testcase> <!-- verifyLoginLogoTest -->
  <testcase name="verifyUrlTest" time="0.013" classname="TestCases.FailedTest"/>
  <testcase name="verifyBotLogoTest" time="0.069" classname="TestCases.FailedTest">
    <failure type="java.lang.AssertionError" message="expected [false] but found [true]">
      <![CDATA[java.lang.AssertionError: expected [false] but found [true]
at TestCases.FailedTest.verifyBotLogoTest(FailedTest.java:39)
at java.util.ArrayList.forEach(ArrayList.java:1257)
... Removed 33 stack frames]]>
    </failure>
  </testcase> <!-- verifyBotLogoTest -->
  <testcase name="loginToApp1Test" time="0.0" classname="TestCases.FailedTest">
    <ignored/>
  </testcase> <!-- loginToApp1Test -->
  <testcase name="loginToApp2Test" time="0.0" classname="TestCases.FailedTest">
    <ignored/>
  </testcase> <!-- loginToApp2Test -->
</testsuite> <!-- Default test(failed) -->
