<?xml version="1.0" encoding="UTF-8"?>
<!-- Generated by org.testng.reporters.JUnitXMLReporter -->
<testsuite hostname="apples-MacBook-Air.local" ignored="3" name="Test" tests="3" failures="0" timestamp="2022-10-29T06:37:59 IST" time="19.068" errors="0">
  <testcase name="loginToApp1Test" time="0.902" classname="TestCases.GroupTest"/>
  <testcase name="verifyBotLogoTest" time="0.093" classname="TestCases.GroupTest"/>
  <testcase name="verifyUrlTest" time="0.024" classname="TestCases.GroupTest"/>
  <testcase name="loginToApp2Test" time="0.0" classname="TestCases.GroupTest">
    <ignored/>
  </testcase> <!-- loginToApp2Test -->
  <testcase name="verifyLoginLogoTest" time="0.0" classname="TestCases.GroupTest">
    <ignored/>
  </testcase> <!-- verifyLoginLogoTest -->
  <testcase name="verifyTitleTest" time="0.0" classname="TestCases.GroupTest">
    <ignored/>
  </testcase> <!-- verifyTitleTest -->
</testsuite> <!-- Test -->
